# step | vdw_area_0_1 | vdw_force_0_1 | vdw_energy_0_1 
0	0.000000e+00 0.000000e+00 0.000000e+00 
1	0.000000e+00 0.000000e+00 0.000000e+00 
1001	0.000000e+00 0.000000e+00 0.000000e+00 
2001	0.000000e+00 0.000000e+00 0.000000e+00 
3001	0.000000e+00 0.000000e+00 0.000000e+00 
4001	0.000000e+00 0.000000e+00 0.000000e+00 
5001	0.000000e+00 0.000000e+00 0.000000e+00 
6001	0.000000e+00 0.000000e+00 0.000000e+00 
7001	0.000000e+00 0.000000e+00 0.000000e+00 
8001	0.000000e+00 0.000000e+00 0.000000e+00 
9001	0.000000e+00 0.000000e+00 0.000000e+00 
10001	0.000000e+00 0.000000e+00 0.000000e+00 
11001	0.000000e+00 0.000000e+00 0.000000e+00 
12001	0.000000e+00 0.000000e+00 0.000000e+00 
13001	0.000000e+00 0.000000e+00 0.000000e+00 
14001	0.000000e+00 0.000000e+00 0.000000e+00 
15001	0.000000e+00 0.000000e+00 0.000000e+00 
16001	0.000000e+00 0.000000e+00 0.000000e+00 
17001	0.000000e+00 0.000000e+00 0.000000e+00 
18001	0.000000e+00 0.000000e+00 0.000000e+00 
19001	0.000000e+00 0.000000e+00 0.000000e+00 
20001	0.000000e+00 0.000000e+00 0.000000e+00 
21001	0.000000e+00 0.000000e+00 0.000000e+00 
22001	0.000000e+00 0.000000e+00 0.000000e+00 
23001	0.000000e+00 0.000000e+00 0.000000e+00 
24001	0.000000e+00 0.000000e+00 0.000000e+00 
25001	0.000000e+00 0.000000e+00 0.000000e+00 
26001	0.000000e+00 0.000000e+00 0.000000e+00 
27001	0.000000e+00 0.000000e+00 0.000000e+00 
28001	0.000000e+00 0.000000e+00 0.000000e+00 
29001	0.000000e+00 0.000000e+00 0.000000e+00 
30001	0.000000e+00 0.000000e+00 0.000000e+00 
31001	0.000000e+00 0.000000e+00 0.000000e+00 
32001	0.000000e+00 0.000000e+00 0.000000e+00 
33001	0.000000e+00 0.000000e+00 0.000000e+00 
34001	0.000000e+00 0.000000e+00 0.000000e+00 
35001	0.000000e+00 0.000000e+00 0.000000e+00 
36001	0.000000e+00 0.000000e+00 0.000000e+00 
37001	0.000000e+00 0.000000e+00 0.000000e+00 
38001	0.000000e+00 0.000000e+00 0.000000e+00 
39001	0.000000e+00 0.000000e+00 0.000000e+00 
